report@config:load 35.78
Authorized using stored user info.
report@account:authorize 10.20
Exporting assets from Unity......

[ Stage1 ] Assets exported from Unity and staged for further processing
report@unity:export 3076.71
report@config:load 26.64
Resources:
{}
report@assets:stage2 2517.20
report@assets:stage3 151.22
[ Stage2 ] Assets postprocessed and bundled successfully
report@config:unity 0.78
report@config:load 26.03
report@config:unity 0.38
PHC: LP error code not found in JSON: 3015, JSON file might be outdated. Error message: Sequence contains no matching element

Diagnostics gathered successfully
.NET Core 3 runtime not found.
.NET Core 3 runtime not found.
Microsoft (R) Visual C# Compiler version 4.3.1-3.22526.13 (41a5af9d)
Copyright (C) Microsoft Corporation. All rights reserved.


/Users/omerozerf/SoftwareProjects/UnityProjects/Fruit-Hook/Assets/_Game/_Scripts/PlayerAnimator.cs(9,44): warning CS0649: Field 'PlayerAnimator._bodyTransform' is never assigned to, and will always have its default value null

/Users/omerozerf/SoftwareProjects/UnityProjects/Fruit-Hook/Assets/_Game/_Scripts/SwordOrbitController.cs(17,44): warning CS0649: Field 'SwordOrbitController._swordPrefab' is never assigned to, and will always have its default value null
/Users/omerozerf/SoftwareProjects/UnityProjects/Fruit-Hook/Assets/_Game/_Scripts/GridMapBuilder.cs(14,47): warning CS0649: Field 'GridMapBuilder.groundVariants' is never assigned to, and will always have its default value null
/Users/omerozerf/SoftwareProjects/UnityProjects/Fruit-Hook/Assets/_Game/_Scripts/GridMapBuilder.cs(16,45): warning CS0649: Field 'GridMapBuilder.fenceVertical' is never assigned to, and will always have its default value null
/Users/omerozerf/SoftwareProjects/UnityProjects/Fruit-Hook/Assets/_Game/_Scripts/SwordOrbitController.cs(16,44): warning CS0649: Field 'SwordOrbitController._center' is never assigned to, and will always have its default value null
/Users/omerozerf/SoftwareProjects/UnityProjects/Fruit-Hook/Assets/_Game/_Scripts/PlayerMovement.cs(11,44): warning CS0649: Field 'PlayerMovement._visualsTransform' is never assigned to, and will always have its default value null
/Users/omerozerf/SoftwareProjects/UnityProjects/Fruit-Hook/Assets/_Game/_Scripts/PlayerMovement.cs(8,51): warning CS0649: Field 'PlayerMovement._floatingJoystick' is never assigned to, and will always have its default value null
/Users/omerozerf/SoftwareProjects/UnityProjects/Fruit-Hook/Assets/_Game/_Scripts/PlayerAnimator.cs(10,40): warning CS0649: Field 'PlayerAnimator._idleMoveY' is never assigned to, and will always have its default value 0
/Users/omerozerf/SoftwareProjects/UnityProjects/Fruit-Hook/Assets/_Game/_Scripts/PlayerMovement.cs(9,40): warning CS0649: Field 'PlayerMovement._moveSpeed' is never assigned to, and will always have its default value 0
/Users/omerozerf/SoftwareProjects/UnityProjects/Fruit-Hook/Assets/_Game/_Scripts/PlayerAnimator.cs(15,44): warning CS0649: Field 'PlayerAnimator._leftFootTransform' is never assigned to, and will always have its default value null
/Users/omerozerf/SoftwareProjects/UnityProjects/Fruit-Hook/Assets/_Game/_Scripts/GridMapBuilder.cs(17,45): warning CS0649: Field 'GridMapBuilder.fenceCorner' is never assigned to, and will always have its default value null
/Users/omerozerf/SoftwareProjects/UnityProjects/Fruit-Hook/Assets/_Game/_Scripts/SwordOrbitController.cs(11,40): warning CS0649: Field 'SwordOrbitController._rotationSpeed' is never assigned to, and will always have its default value 0
/Users/omerozerf/SoftwareProjects/UnityProjects/Fruit-Hook/Assets/_Game/_Scripts/GridMapBuilder.cs(15,45): warning CS0649: Field 'GridMapBuilder.fenceHorizontal' is never assigned to, and will always have its default value null
/Users/omerozerf/SoftwareProjects/UnityProjects/Fruit-Hook/Assets/_Game/_Scripts/SwordOrbitController.cs(13,40): warning CS0649: Field 'SwordOrbitController._spawnGrowDuration' is never assigned to, and will always have its default value 0
/Users/omerozerf/SoftwareProjects/UnityProjects/Fruit-Hook/Assets/_Game/_Scripts/GridMapBuilder.cs(13,45): warning CS0649: Field 'GridMapBuilder.groundPrefab' is never assigned to, and will always have its default value null
/Users/omerozerf/SoftwareProjects/UnityProjects/Fruit-Hook/Assets/_Game/_Scripts/SwordOrbitController.cs(10,40): warning CS0649: Field 'SwordOrbitController._radius' is never assigned to, and will always have its default value 0
/Users/omerozerf/SoftwareProjects/UnityProjects/Fruit-Hook/Assets/_Game/_Scripts/PlayerAnimator.cs(16,44): warning CS0649: Field 'PlayerAnimator._rightFootTransform' is never assigned to, and will always have its default value null
/Users/omerozerf/SoftwareProjects/UnityProjects/Fruit-Hook/Assets/_Game/_Scripts/TileCreator.cs(7,39): warning CS0649: Field 'TileCreator._tilePrefab' is never assigned to, and will always have its default value null
/Users/omerozerf/SoftwareProjects/UnityProjects/Fruit-Hook/Assets/_Game/_Scripts/PlayerAnimator.cs(11,40): warning CS0649: Field 'PlayerAnimator._idleMoveX' is never assigned to, and will always have its default value 0
/Users/omerozerf/SoftwareProjects/UnityProjects/Fruit-Hook/Assets/_Game/_Scripts/SwordOrbitController.cs(12,40): warning CS0649: Field 'SwordOrbitController._smoothTime' is never assigned to, and will always have its default value 0

Usercode compiled successfully!
.NET Core 3 runtime not found.
.NET Core 3 runtime not found.
code-v2:compose complete successfully!
report@code-v2:compose 0.45
Authorized using stored user info.
report@account:authorize 3.98
Microsoft (R) Build Engine version 16.10.1 for Mono
Copyright (C) Microsoft Corporation. All rights reserved.


Build started 12/13/2025 6:57:40 PM.

Project "/Users/omerozerf/6.2.1/pipeline/templates/LunaCompiler/Scripts/Scripts.csproj" on node 1 (Rebuild target(s)).

CoreClean:

  Deleting file "/Users/omerozerf/6.2.1/pipeline/templates/LunaCompiler/Scripts/bin/Debug/UnityScriptsCompiler.dll".

  Deleting file "/Users/omerozerf/6.2.1/pipeline/templates/LunaCompiler/Scripts/bin/Debug/UnityScriptsCompiler.pdb".

  Deleting file "/Users/omerozerf/6.2.1/pipeline/templates/LunaCompiler/Scripts/bin/Debug/Bridge.dll".

  Deleting file "/Users/omerozerf/6.2.1/pipeline/templates/LunaCompiler/Scripts/bin/Debug/Bridge.Html5.dll".

  Deleting file "/Users/omerozerf/6.2.1/pipeline/templates/LunaCompiler/Scripts/bin/Debug/Bridge.WebGL.dll".

  Deleting file "/Users/omerozerf/6.2.1/pipeline/templates/LunaCompiler/Scripts/bin/Debug/DOTween.dll".

  Deleting file "/Users/omerozerf/6.2.1/pipeline/templates/LunaCompiler/Scripts/bin/Debug/JetBrains.dll".

  Deleting file "/Users/omerozerf/6.2.1/pipeline/templates/LunaCompiler/Scripts/bin/Debug/Newtonsoft.Json.dll".

  Deleting file "/Users/omerozerf/6.2.1/pipeline/templates/LunaCompiler/Scripts/bin/Debug/Retyped.Core.dll".

  Deleting file "/Users/omerozerf/6.2.1/pipeline/templates/LunaCompiler/Scripts/bin/Debug/Retyped.dom.dll".
  Deleting file "/Users/omerozerf/6.2.1/pipeline/templates/LunaCompiler/Scripts/bin/Debug/Retyped.es5.dll".

  Deleting file "/Users/omerozerf/6.2.1/pipeline/templates/LunaCompiler/Scripts/bin/Debug/Retyped.scripthost.dll".

  Deleting file "/Users/omerozerf/6.2.1/pipeline/templates/LunaCompiler/Scripts/bin/Debug/UnityEngine.dll".

  Deleting file "/Users/omerozerf/6.2.1/pipeline/templates/LunaCompiler/Scripts/bin/Debug/UnityEngine.UI.dll".

  Deleting file "/Users/omerozerf/6.2.1/pipeline/templates/LunaCompiler/Scripts/bin/Debug/UnityEngine.UniversalRenderPipeline.dll".

  Deleting file "/Users/omerozerf/6.2.1/pipeline/templates/LunaCompiler/Scripts/bin/Debug/Bridge.xml".

  Deleting file "/Users/omerozerf/6.2.1/pipeline/templates/LunaCompiler/Scripts/bin/Debug/Bridge.Html5.xml".

  Deleting file "/Users/omerozerf/6.2.1/pipeline/templates/LunaCompiler/Scripts/bin/Debug/Bridge.WebGL.xml".

  Deleting file "/Users/omerozerf/6.2.1/pipeline/templates/LunaCompiler/Scripts/bin/Debug/Newtonsoft.Json.xml".

  Deleting file "/Users/omerozerf/6.2.1/pipeline/templates/LunaCompiler/Scripts/bin/Debug/Retyped.Core.xml".

  Deleting file "/Users/omerozerf/6.2.1/pipeline/templates/LunaCompiler/Scripts/bin/Debug/Retyped.dom.xml".

  Deleting file "/Users/omerozerf/6.2.1/pipeline/templates/LunaCompiler/Scripts/bin/Debug/Retyped.es5.xml".

  Deleting file "/Users/omerozerf/6.2.1/pipeline/templates/LunaCompiler/Scripts/bin/Debug/Retyped.scripthost.xml".

  Deleting file "/Users/omerozerf/6.2.1/pipeline/templates/LunaCompiler/Scripts/bin/Debug/TextMeshPro.dll".

  Deleting file "/Users/omerozerf/6.2.1/pipeline/templates/LunaCompiler/Scripts/obj/Debug/Scripts.csproj.AssemblyReference.cache".

  Deleting file "/Users/omerozerf/6.2.1/pipeline/templates/LunaCompiler/Scripts/obj/Debug/Scripts.csproj.CoreCompileInputs.cache".

  Deleting file "/Users/omerozerf/6.2.1/pipeline/templates/LunaCompiler/Scripts/obj/Debug/Scripts.csproj.CopyComplete".

  Deleting file "/Users/omerozerf/6.2.1/pipeline/templates/LunaCompiler/Scripts/obj/Debug/UnityScriptsCompiler.dll".

  Deleting file "/Users/omerozerf/6.2.1/pipeline/templates/LunaCompiler/Scripts/obj/Debug/UnityScriptsCompiler.pdb".

GenerateTargetFrameworkMonikerAttribute:
Skipping target "GenerateTargetFrameworkMonikerAttribute" because all output files are up-to-date with respect to the input files.

CoreCompile:

  /Library/Frameworks/Mono.framework/Versions/6.12.0/lib/mono/msbuild/Current/bin/Roslyn/csc.exe /noconfig /nowarn:CS0626,1701,1702 /fullpaths /nostdlib+ /errorreport:prompt /warn:4 /define:UNITY_LUNA;CSHARP_7_OR_LATER;CSHARP_7_3_OR_NEWER;UNITY_5_3_OR_NEWER;UNITY_5_4_OR_NEWER;UNITY_5_5_OR_NEWER;UNITY_2022;UNITY_2017_1_OR_NEWER;UNITY_2017_2_OR_NEWER;UNITY_2017_3_OR_NEWER;UNITY_2017_4_OR_NEWER;UNITY_2018_1_OR_NEWER;UNITY_2018_2_OR_NEWER;UNITY_2018_3_OR_NEWER;UNITY_2018_4_OR_NEWER;UNITY_2019_1_OR_NEWER;UNITY_2019_2_OR_NEWER;UNITY_2019_3_OR_NEWER;UNITY_2019_4_OR_NEWER;UNITY_2020_1_OR_NEWER;UNITY_2020_2_OR_NEWER;UNITY_2020_3_OR_NEWER;UNITY_2021_1_OR_NEWER;UNITY_2021_2_OR_NEWER;UNITY_2021_3_OR_NEWER;UNITY_2022_1_OR_NEWER;UNITY_2022_2_OR_NEWER;UNITY_2022_3_OR_NEWER;UNITY_2022_3;UNITY_2022_3_51 /highentropyva+ /reference:/Users/omerozerf/6.2.1/pipeline/templates/LunaCompiler/packages/Bridge.Core.17.9.42-luna/lib/net40/Bridge.dll /reference:/Users/omerozerf/6.2.1/pipeline/templates/LunaCompiler/packages/Bridge.Html5.17.9.0/lib/net40/Bridge.Html5.dll /reference:/Users/omerozerf/6.2.1/pipeline/templates/LunaCompiler/packages/Bridge.WebGL.1.22.0/lib/net40/Bridge.WebGL.dll /reference:/Users/omerozerf/6.2.1/pipeline/templates/LunaCompiler/packages/DOTween.1.2.705/lib/net40/DOTween.dll /reference:/Users/omerozerf/6.2.1/pipeline/templates/LunaCompiler/packages/com.unity.ide.rider/3.0.0/JetBrains.dll /reference:/Users/omerozerf/6.2.1/pipeline/templates/LunaCompiler/packages/Bridge.Newtonsoft.Json.1.16.0/lib/net40/Newtonsoft.Json.dll /reference:/Users/omerozerf/6.2.1/pipeline/templates/LunaCompiler/packages/Retyped.Core.1.6.6733/lib/net40/Retyped.Core.dll /reference:/Users/omerozerf/6.2.1/pipeline/templates/LunaCompiler/packages/Retyped.dom.2.8.6733/lib/net40/Retyped.dom.dll /reference:/Users/omerozerf/6.2.1/pipeline/templates/LunaCompiler/packages/Retyped.es5.2.8.6733/lib/net40/Retyped.es5.dll /reference:/Users/omerozerf/6.2.1/pipeline/templates/LunaCompiler/packages/Retyped.scripthost.2.8.6733/lib/net40/Retyped.scripthost.dll /reference:/Users/omerozerf/6.2.1/pipeline/templates/LunaCompiler/packages/com.unity.textmeshpro/3.0.6/TextMeshPro.dll /reference:/Users/omerozerf/6.2.1/pipeline/templates/LunaCompiler/Scripts/Vendor/UnityEngine.dll /reference:/Users/omerozerf/6.2.1/pipeline/templates/LunaCompiler/packages/com.unity.ui/1.2.1/UnityEngine.UI.dll /reference:/Users/omerozerf/6.2.1/pipeline/templates/LunaCompiler/packages/com.unity.urp/7.6/UnityEngine.UniversalRenderPipeline.dll /debug+ /debug:full /optimize- /out:obj/Debug/UnityScriptsCompiler.dll /subsystemversion:6.00 /target:library /warnaserror- /utf8output /langversion:8 /Users/omerozerf/SoftwareProjects/UnityProjects/Fruit-Hook/LunaTemp/Assemblies/stage_2/decompiled/AxisOptions.cs /Users/omerozerf/SoftwareProjects/UnityProjects/Fruit-Hook/LunaTemp/Assemblies/stage_2/decompiled/DG/Tweening/DOTweenCYInstruction.cs /Users/omerozerf/SoftwareProjects/UnityProjects/Fruit-Hook/LunaTemp/Assemblies/stage_2/decompiled/DG/Tweening/DOTweenModuleAudio.cs /Users/omerozerf/SoftwareProjects/UnityProjects/Fruit-Hook/LunaTemp/Assemblies/stage_2/decompiled/DG/Tweening/DOTweenModulePhysics.cs /Users/omerozerf/SoftwareProjects/UnityProjects/Fruit-Hook/LunaTemp/Assemblies/stage_2/decompiled/DG/Tweening/DOTweenModulePhysics2D.cs /Users/omerozerf/SoftwareProjects/UnityProjects/Fruit-Hook/LunaTemp/Assemblies/stage_2/decompiled/DG/Tweening/DOTweenModuleSprite.cs /Users/omerozerf/SoftwareProjects/UnityProjects/Fruit-Hook/LunaTemp/Assemblies/stage_2/decompiled/DG/Tweening/DOTweenModuleUI.cs /Users/omerozerf/SoftwareProjects/UnityProjects/Fruit-Hook/LunaTemp/Assemblies/stage_2/decompiled/DG/Tweening/DOTweenModuleUnityVersion.cs /Users/omerozerf/SoftwareProjects/UnityProjects/Fruit-Hook/LunaTemp/Assemblies/stage_2/decompiled/DG/Tweening/DOTweenModuleUtils.cs /Users/omerozerf/SoftwareProjects/UnityProjects/Fruit-Hook/LunaTemp/Assemblies/stage_2/decompiled/DynamicJoystick.cs /Users/omerozerf/SoftwareProjects/UnityProjects/Fruit-Hook/LunaTemp/Assemblies/stage_2/decompiled/FixedJoystick.cs /Users/omerozerf/SoftwareProjects/UnityProjects/Fruit-Hook/LunaTemp/Assemblies/stage_2/decompiled/FloatingJoystick.cs /Users/omerozerf/SoftwareProjects/UnityProjects/Fruit-Hook/LunaTemp/Assemblies/stage_2/decompiled/Joystick.cs /Users/omerozerf/SoftwareProjects/UnityProjects/Fruit-Hook/LunaTemp/Assemblies/stage_2/decompiled/JoystickPlayerExample.cs /Users/omerozerf/SoftwareProjects/UnityProjects/Fruit-Hook/LunaTemp/Assemblies/stage_2/decompiled/JoystickSetterExample.cs /Users/omerozerf/SoftwareProjects/UnityProjects/Fruit-Hook/LunaTemp/Assemblies/stage_2/decompiled/JoystickType.cs /Users/omerozerf/SoftwareProjects/UnityProjects/Fruit-Hook/LunaTemp/Assemblies/stage_2/decompiled/LoopGames/Combat/SwordOrbitController.cs /Users/omerozerf/SoftwareProjects/UnityProjects/Fruit-Hook/LunaTemp/Assemblies/stage_2/decompiled/LoopGames/Playable/GridMapBuilder.cs /Users/omerozerf/SoftwareProjects/UnityProjects/Fruit-Hook/LunaTemp/Assemblies/stage_2/decompiled/Properties/AssemblyInfo.cs /Users/omerozerf/SoftwareProjects/UnityProjects/Fruit-Hook/LunaTemp/Assemblies/stage_2/decompiled/Tile.cs /Users/omerozerf/SoftwareProjects/UnityProjects/Fruit-Hook/LunaTemp/Assemblies/stage_2/decompiled/VariableJoystick.cs /Users/omerozerf/SoftwareProjects/UnityProjects/Fruit-Hook/LunaTemp/Assemblies/stage_2/decompiled/_Game/TileCreator.cs /Users/omerozerf/SoftwareProjects/UnityProjects/Fruit-Hook/LunaTemp/Assemblies/stage_2/decompiled/_Game/_Scripts/PlayerAnimator.cs /Users/omerozerf/SoftwareProjects/UnityProjects/Fruit-Hook/LunaTemp/Assemblies/stage_2/decompiled/_Game/_Scripts/PlayerMovement.cs "obj/Debug/.NETFramework,Version=v4.7.AssemblyAttributes.cs"

  Using shared compilation with compiler from directory: /Library/Frameworks/Mono.framework/Versions/6.12.0/lib/mono/msbuild/Current/bin/Roslyn

/Users/omerozerf/SoftwareProjects/UnityProjects/Fruit-Hook/LunaTemp/Assemblies/stage_2/decompiled/LoopGames/Combat/SwordOrbitController.cs(46,21): warning CS0649: Field 'SwordOrbitController._swordPrefab' is never assigned to, and will always have its default value null [/Users/omerozerf/6.2.1/pipeline/templates/LunaCompiler/Scripts/Scripts.csproj]

/Users/omerozerf/SoftwareProjects/UnityProjects/Fruit-Hook/LunaTemp/Assemblies/stage_2/decompiled/LoopGames/Playable/GridMapBuilder.cs(31,22): warning CS0649: Field 'GridMapBuilder.fenceCorner' is never assigned to, and will always have its default value null [/Users/omerozerf/6.2.1/pipeline/templates/LunaCompiler/Scripts/Scripts.csproj]

/Users/omerozerf/SoftwareProjects/UnityProjects/Fruit-Hook/LunaTemp/Assemblies/stage_2/decompiled/LoopGames/Combat/SwordOrbitController.cs(43,21): warning CS0649: Field 'SwordOrbitController._center' is never assigned to, and will always have its default value null [/Users/omerozerf/6.2.1/pipeline/templates/LunaCompiler/Scripts/Scripts.csproj]

/Users/omerozerf/SoftwareProjects/UnityProjects/Fruit-Hook/LunaTemp/Assemblies/stage_2/decompiled/LoopGames/Playable/GridMapBuilder.cs(28,22): warning CS0649: Field 'GridMapBuilder.fenceVertical' is never assigned to, and will always have its default value null [/Users/omerozerf/6.2.1/pipeline/templates/LunaCompiler/Scripts/Scripts.csproj]

/Users/omerozerf/SoftwareProjects/UnityProjects/Fruit-Hook/LunaTemp/Assemblies/stage_2/decompiled/LoopGames/Combat/SwordOrbitController.cs(39,17): warning CS0649: Field 'SwordOrbitController._spawnGrowDuration' is never assigned to, and will always have its default value 0 [/Users/omerozerf/6.2.1/pipeline/templates/LunaCompiler/Scripts/Scripts.csproj]

/Users/omerozerf/SoftwareProjects/UnityProjects/Fruit-Hook/LunaTemp/Assemblies/stage_2/decompiled/LoopGames/Playable/GridMapBuilder.cs(25,22): warning CS0649: Field 'GridMapBuilder.fenceHorizontal' is never assigned to, and will always have its default value null [/Users/omerozerf/6.2.1/pipeline/templates/LunaCompiler/Scripts/Scripts.csproj]

/Users/omerozerf/SoftwareProjects/UnityProjects/Fruit-Hook/LunaTemp/Assemblies/stage_2/decompiled/LoopGames/Combat/SwordOrbitController.cs(36,17): warning CS0649: Field 'SwordOrbitController._smoothTime' is never assigned to, and will always have its default value 0 [/Users/omerozerf/6.2.1/pipeline/templates/LunaCompiler/Scripts/Scripts.csproj]
/Users/omerozerf/SoftwareProjects/UnityProjects/Fruit-Hook/LunaTemp/Assemblies/stage_2/decompiled/_Game/_Scripts/PlayerAnimator.cs(15,17): warning CS0649: Field 'PlayerAnimator._idleMoveX' is never assigned to, and will always have its default value 0 [/Users/omerozerf/6.2.1/pipeline/templates/LunaCompiler/Scripts/Scripts.csproj]

/Users/omerozerf/SoftwareProjects/UnityProjects/Fruit-Hook/LunaTemp/Assemblies/stage_2/decompiled/LoopGames/Playable/GridMapBuilder.cs(22,24): warning CS0649: Field 'GridMapBuilder.groundVariants' is never assigned to, and will always have its default value null [/Users/omerozerf/6.2.1/pipeline/templates/LunaCompiler/Scripts/Scripts.csproj]

/Users/omerozerf/SoftwareProjects/UnityProjects/Fruit-Hook/LunaTemp/Assemblies/stage_2/decompiled/LoopGames/Combat/SwordOrbitController.cs(33,17): warning CS0649: Field 'SwordOrbitController._rotationSpeed' is never assigned to, and will always have its default value 0 [/Users/omerozerf/6.2.1/pipeline/templates/LunaCompiler/Scripts/Scripts.csproj]

/Users/omerozerf/SoftwareProjects/UnityProjects/Fruit-Hook/LunaTemp/Assemblies/stage_2/decompiled/_Game/_Scripts/PlayerAnimator.cs(12,17): warning CS0649: Field 'PlayerAnimator._idleMoveY' is never assigned to, and will always have its default value 0 [/Users/omerozerf/6.2.1/pipeline/templates/LunaCompiler/Scripts/Scripts.csproj]

/Users/omerozerf/SoftwareProjects/UnityProjects/Fruit-Hook/LunaTemp/Assemblies/stage_2/decompiled/LoopGames/Playable/GridMapBuilder.cs(19,22): warning CS0649: Field 'GridMapBuilder.groundPrefab' is never assigned to, and will always have its default value null [/Users/omerozerf/6.2.1/pipeline/templates/LunaCompiler/Scripts/Scripts.csproj]

/Users/omerozerf/SoftwareProjects/UnityProjects/Fruit-Hook/LunaTemp/Assemblies/stage_2/decompiled/LoopGames/Combat/SwordOrbitController.cs(30,17): warning CS0649: Field 'SwordOrbitController._radius' is never assigned to, and will always have its default value 0 [/Users/omerozerf/6.2.1/pipeline/templates/LunaCompiler/Scripts/Scripts.csproj]
/Users/omerozerf/SoftwareProjects/UnityProjects/Fruit-Hook/LunaTemp/Assemblies/stage_2/decompiled/_Game/_Scripts/PlayerAnimator.cs(9,21): warning CS0649: Field 'PlayerAnimator._bodyTransform' is never assigned to, and will always have its default value null [/Users/omerozerf/6.2.1/pipeline/templates/LunaCompiler/Scripts/Scripts.csproj]

/Users/omerozerf/SoftwareProjects/UnityProjects/Fruit-Hook/LunaTemp/Assemblies/stage_2/decompiled/_Game/_Scripts/PlayerMovement.cs(11,17): warning CS0649: Field 'PlayerMovement._moveSpeed' is never assigned to, and will always have its default value 0 [/Users/omerozerf/6.2.1/pipeline/templates/LunaCompiler/Scripts/Scripts.csproj]

/Users/omerozerf/SoftwareProjects/UnityProjects/Fruit-Hook/LunaTemp/Assemblies/stage_2/decompiled/_Game/_Scripts/PlayerMovement.cs(8,28): warning CS0649: Field 'PlayerMovement._floatingJoystick' is never assigned to, and will always have its default value null [/Users/omerozerf/6.2.1/pipeline/templates/LunaCompiler/Scripts/Scripts.csproj]

/Users/omerozerf/SoftwareProjects/UnityProjects/Fruit-Hook/LunaTemp/Assemblies/stage_2/decompiled/_Game/_Scripts/PlayerAnimator.cs(30,21): warning CS0649: Field 'PlayerAnimator._rightFootTransform' is never assigned to, and will always have its default value null [/Users/omerozerf/6.2.1/pipeline/templates/LunaCompiler/Scripts/Scripts.csproj]

/Users/omerozerf/SoftwareProjects/UnityProjects/Fruit-Hook/LunaTemp/Assemblies/stage_2/decompiled/_Game/_Scripts/PlayerMovement.cs(17,21): warning CS0649: Field 'PlayerMovement._visualsTransform' is never assigned to, and will always have its default value null [/Users/omerozerf/6.2.1/pipeline/templates/LunaCompiler/Scripts/Scripts.csproj]

/Users/omerozerf/SoftwareProjects/UnityProjects/Fruit-Hook/LunaTemp/Assemblies/stage_2/decompiled/_Game/TileCreator.cs(8,16): warning CS0649: Field 'TileCreator._tilePrefab' is never assigned to, and will always have its default value null [/Users/omerozerf/6.2.1/pipeline/templates/LunaCompiler/Scripts/Scripts.csproj]

/Users/omerozerf/SoftwareProjects/UnityProjects/Fruit-Hook/LunaTemp/Assemblies/stage_2/decompiled/_Game/_Scripts/PlayerAnimator.cs(27,21): warning CS0649: Field 'PlayerAnimator._leftFootTransform' is never assigned to, and will always have its default value null [/Users/omerozerf/6.2.1/pipeline/templates/LunaCompiler/Scripts/Scripts.csproj]

_CopyFilesMarkedCopyLocal:
  Copying file from "/Users/omerozerf/6.2.1/pipeline/templates/LunaCompiler/packages/Bridge.Html5.17.9.0/lib/net40/Bridge.Html5.dll" to "/Users/omerozerf/6.2.1/pipeline/templates/LunaCompiler/Scripts/bin/Debug/Bridge.Html5.dll".

  Copying file from "/Users/omerozerf/6.2.1/pipeline/templates/LunaCompiler/packages/com.unity.ide.rider/3.0.0/JetBrains.dll" to "/Users/omerozerf/6.2.1/pipeline/templates/LunaCompiler/Scripts/bin/Debug/JetBrains.dll".
  Copying file from "/Users/omerozerf/6.2.1/pipeline/templates/LunaCompiler/packages/DOTween.1.2.705/lib/net40/DOTween.dll" to "/Users/omerozerf/6.2.1/pipeline/templates/LunaCompiler/Scripts/bin/Debug/DOTween.dll".
  Copying file from "/Users/omerozerf/6.2.1/pipeline/templates/LunaCompiler/packages/Bridge.Newtonsoft.Json.1.16.0/lib/net40/Newtonsoft.Json.dll" to "/Users/omerozerf/6.2.1/pipeline/templates/LunaCompiler/Scripts/bin/Debug/Newtonsoft.Json.dll".

  Copying file from "/Users/omerozerf/6.2.1/pipeline/templates/LunaCompiler/packages/Bridge.Core.17.9.42-luna/lib/net40/Bridge.dll" to "/Users/omerozerf/6.2.1/pipeline/templates/LunaCompiler/Scripts/bin/Debug/Bridge.dll".

  Copying file from "/Users/omerozerf/6.2.1/pipeline/templates/LunaCompiler/packages/Bridge.WebGL.1.22.0/lib/net40/Bridge.WebGL.dll" to "/Users/omerozerf/6.2.1/pipeline/templates/LunaCompiler/Scripts/bin/Debug/Bridge.WebGL.dll".

  Copying file from "/Users/omerozerf/6.2.1/pipeline/templates/LunaCompiler/packages/Retyped.es5.2.8.6733/lib/net40/Retyped.es5.dll" to "/Users/omerozerf/6.2.1/pipeline/templates/LunaCompiler/Scripts/bin/Debug/Retyped.es5.dll".

  Copying file from "/Users/omerozerf/6.2.1/pipeline/templates/LunaCompiler/packages/Retyped.Core.1.6.6733/lib/net40/Retyped.Core.dll" to "/Users/omerozerf/6.2.1/pipeline/templates/LunaCompiler/Scripts/bin/Debug/Retyped.Core.dll".

  Copying file from "/Users/omerozerf/6.2.1/pipeline/templates/LunaCompiler/packages/Retyped.dom.2.8.6733/lib/net40/Retyped.dom.dll" to "/Users/omerozerf/6.2.1/pipeline/templates/LunaCompiler/Scripts/bin/Debug/Retyped.dom.dll".

  Copying file from "/Users/omerozerf/6.2.1/pipeline/templates/LunaCompiler/packages/Retyped.scripthost.2.8.6733/lib/net40/Retyped.scripthost.dll" to "/Users/omerozerf/6.2.1/pipeline/templates/LunaCompiler/Scripts/bin/Debug/Retyped.scripthost.dll".

  Copying file from "/Users/omerozerf/6.2.1/pipeline/templates/LunaCompiler/packages/com.unity.textmeshpro/3.0.6/TextMeshPro.dll" to "/Users/omerozerf/6.2.1/pipeline/templates/LunaCompiler/Scripts/bin/Debug/TextMeshPro.dll".

  Copying file from "/Users/omerozerf/6.2.1/pipeline/templates/LunaCompiler/packages/com.unity.ui/1.2.1/UnityEngine.UI.dll" to "/Users/omerozerf/6.2.1/pipeline/templates/LunaCompiler/Scripts/bin/Debug/UnityEngine.UI.dll".

  Copying file from "/Users/omerozerf/6.2.1/pipeline/templates/LunaCompiler/Scripts/Vendor/UnityEngine.dll" to "/Users/omerozerf/6.2.1/pipeline/templates/LunaCompiler/Scripts/bin/Debug/UnityEngine.dll".

  Copying file from "/Users/omerozerf/6.2.1/pipeline/templates/LunaCompiler/packages/com.unity.urp/7.6/UnityEngine.UniversalRenderPipeline.dll" to "/Users/omerozerf/6.2.1/pipeline/templates/LunaCompiler/Scripts/bin/Debug/UnityEngine.UniversalRenderPipeline.dll".

  Copying file from "/Users/omerozerf/6.2.1/pipeline/templates/LunaCompiler/packages/Bridge.Core.17.9.42-luna/lib/net40/Bridge.xml" to "/Users/omerozerf/6.2.1/pipeline/templates/LunaCompiler/Scripts/bin/Debug/Bridge.xml".

  Copying file from "/Users/omerozerf/6.2.1/pipeline/templates/LunaCompiler/packages/Bridge.Html5.17.9.0/lib/net40/Bridge.Html5.xml" to "/Users/omerozerf/6.2.1/pipeline/templates/LunaCompiler/Scripts/bin/Debug/Bridge.Html5.xml".

  Copying file from "/Users/omerozerf/6.2.1/pipeline/templates/LunaCompiler/packages/Bridge.WebGL.1.22.0/lib/net40/Bridge.WebGL.xml" to "/Users/omerozerf/6.2.1/pipeline/templates/LunaCompiler/Scripts/bin/Debug/Bridge.WebGL.xml".

  Copying file from "/Users/omerozerf/6.2.1/pipeline/templates/LunaCompiler/packages/Bridge.Newtonsoft.Json.1.16.0/lib/net40/Newtonsoft.Json.xml" to "/Users/omerozerf/6.2.1/pipeline/templates/LunaCompiler/Scripts/bin/Debug/Newtonsoft.Json.xml".

  Copying file from "/Users/omerozerf/6.2.1/pipeline/templates/LunaCompiler/packages/Retyped.Core.1.6.6733/lib/net40/Retyped.Core.xml" to "/Users/omerozerf/6.2.1/pipeline/templates/LunaCompiler/Scripts/bin/Debug/Retyped.Core.xml".

  Copying file from "/Users/omerozerf/6.2.1/pipeline/templates/LunaCompiler/packages/Retyped.dom.2.8.6733/lib/net40/Retyped.dom.xml" to "/Users/omerozerf/6.2.1/pipeline/templates/LunaCompiler/Scripts/bin/Debug/Retyped.dom.xml".

  Copying file from "/Users/omerozerf/6.2.1/pipeline/templates/LunaCompiler/packages/Retyped.es5.2.8.6733/lib/net40/Retyped.es5.xml" to "/Users/omerozerf/6.2.1/pipeline/templates/LunaCompiler/Scripts/bin/Debug/Retyped.es5.xml".

  Copying file from "/Users/omerozerf/6.2.1/pipeline/templates/LunaCompiler/packages/Retyped.scripthost.2.8.6733/lib/net40/Retyped.scripthost.xml" to "/Users/omerozerf/6.2.1/pipeline/templates/LunaCompiler/Scripts/bin/Debug/Retyped.scripthost.xml".

  Creating "/Users/omerozerf/6.2.1/pipeline/templates/LunaCompiler/Scripts/obj/Debug/Scripts.csproj.CopyComplete" because "AlwaysCreate" was specified.

CopyFilesToOutputDirectory:
  Copying file from "/Users/omerozerf/6.2.1/pipeline/templates/LunaCompiler/Scripts/obj/Debug/UnityScriptsCompiler.dll" to "/Users/omerozerf/6.2.1/pipeline/templates/LunaCompiler/Scripts/bin/Debug/UnityScriptsCompiler.dll".

  Scripts -> /Users/omerozerf/6.2.1/pipeline/templates/LunaCompiler/Scripts/bin/Debug/UnityScriptsCompiler.dll

  Copying file from "/Users/omerozerf/6.2.1/pipeline/templates/LunaCompiler/Scripts/obj/Debug/UnityScriptsCompiler.pdb" to "/Users/omerozerf/6.2.1/pipeline/templates/LunaCompiler/Scripts/bin/Debug/UnityScriptsCompiler.pdb".

BridgeNetCompilerTask:
  Bridge started

      To enable detailed logging, configure "logging" in bridge.json.

      https://github.com/bridgedotnet/Bridge/wiki/global-configuration#logging

  Bridge done

Done Building Project "/Users/omerozerf/6.2.1/pipeline/templates/LunaCompiler/Scripts/Scripts.csproj" (Rebuild target(s)).



Build succeeded.



"/Users/omerozerf/6.2.1/pipeline/templates/LunaCompiler/Scripts/Scripts.csproj" (Rebuild target) (1) ->

(CoreCompile target) -> 

  /Users/omerozerf/SoftwareProjects/UnityProjects/Fruit-Hook/LunaTemp/Assemblies/stage_2/decompiled/LoopGames/Combat/SwordOrbitController.cs(46,21): warning CS0649: Field 'SwordOrbitController._swordPrefab' is never assigned to, and will always have its default value null [/Users/omerozerf/6.2.1/pipeline/templates/LunaCompiler/Scripts/Scripts.csproj]

  /Users/omerozerf/SoftwareProjects/UnityProjects/Fruit-Hook/LunaTemp/Assemblies/stage_2/decompiled/LoopGames/Playable/GridMapBuilder.cs(31,22): warning CS0649: Field 'GridMapBuilder.fenceCorner' is never assigned to, and will always have its default value null [/Users/omerozerf/6.2.1/pipeline/templates/LunaCompiler/Scripts/Scripts.csproj]

  /Users/omerozerf/SoftwareProjects/UnityProjects/Fruit-Hook/LunaTemp/Assemblies/stage_2/decompiled/LoopGames/Combat/SwordOrbitController.cs(43,21): warning CS0649: Field 'SwordOrbitController._center' is never assigned to, and will always have its default value null [/Users/omerozerf/6.2.1/pipeline/templates/LunaCompiler/Scripts/Scripts.csproj]
  /Users/omerozerf/SoftwareProjects/UnityProjects/Fruit-Hook/LunaTemp/Assemblies/stage_2/decompiled/LoopGames/Playable/GridMapBuilder.cs(28,22): warning CS0649: Field 'GridMapBuilder.fenceVertical' is never assigned to, and will always have its default value null [/Users/omerozerf/6.2.1/pipeline/templates/LunaCompiler/Scripts/Scripts.csproj]
  /Users/omerozerf/SoftwareProjects/UnityProjects/Fruit-Hook/LunaTemp/Assemblies/stage_2/decompiled/LoopGames/Combat/SwordOrbitController.cs(39,17): warning CS0649: Field 'SwordOrbitController._spawnGrowDuration' is never assigned to, and will always have its default value 0 [/Users/omerozerf/6.2.1/pipeline/templates/LunaCompiler/Scripts/Scripts.csproj]

  /Users/omerozerf/SoftwareProjects/UnityProjects/Fruit-Hook/LunaTemp/Assemblies/stage_2/decompiled/LoopGames/Playable/GridMapBuilder.cs(25,22): warning CS0649: Field 'GridMapBuilder.fenceHorizontal' is never assigned to, and will always have its default value null [/Users/omerozerf/6.2.1/pipeline/templates/LunaCompiler/Scripts/Scripts.csproj]
  /Users/omerozerf/SoftwareProjects/UnityProjects/Fruit-Hook/LunaTemp/Assemblies/stage_2/decompiled/LoopGames/Combat/SwordOrbitController.cs(36,17): warning CS0649: Field 'SwordOrbitController._smoothTime' is never assigned to, and will always have its default value 0 [/Users/omerozerf/6.2.1/pipeline/templates/LunaCompiler/Scripts/Scripts.csproj]
  /Users/omerozerf/SoftwareProjects/UnityProjects/Fruit-Hook/LunaTemp/Assemblies/stage_2/decompiled/_Game/_Scripts/PlayerAnimator.cs(15,17): warning CS0649: Field 'PlayerAnimator._idleMoveX' is never assigned to, and will always have its default value 0 [/Users/omerozerf/6.2.1/pipeline/templates/LunaCompiler/Scripts/Scripts.csproj]
  /Users/omerozerf/SoftwareProjects/UnityProjects/Fruit-Hook/LunaTemp/Assemblies/stage_2/decompiled/LoopGames/Playable/GridMapBuilder.cs(22,24): warning CS0649: Field 'GridMapBuilder.groundVariants' is never assigned to, and will always have its default value null [/Users/omerozerf/6.2.1/pipeline/templates/LunaCompiler/Scripts/Scripts.csproj]
  /Users/omerozerf/SoftwareProjects/UnityProjects/Fruit-Hook/LunaTemp/Assemblies/stage_2/decompiled/LoopGames/Combat/SwordOrbitController.cs(33,17): warning CS0649: Field 'SwordOrbitController._rotationSpeed' is never assigned to, and will always have its default value 0 [/Users/omerozerf/6.2.1/pipeline/templates/LunaCompiler/Scripts/Scripts.csproj]
  /Users/omerozerf/SoftwareProjects/UnityProjects/Fruit-Hook/LunaTemp/Assemblies/stage_2/decompiled/_Game/_Scripts/PlayerAnimator.cs(12,17): warning CS0649: Field 'PlayerAnimator._idleMoveY' is never assigned to, and will always have its default value 0 [/Users/omerozerf/6.2.1/pipeline/templates/LunaCompiler/Scripts/Scripts.csproj]
  /Users/omerozerf/SoftwareProjects/UnityProjects/Fruit-Hook/LunaTemp/Assemblies/stage_2/decompiled/LoopGames/Playable/GridMapBuilder.cs(19,22): warning CS0649: Field 'GridMapBuilder.groundPrefab' is never assigned to, and will always have its default value null [/Users/omerozerf/6.2.1/pipeline/templates/LunaCompiler/Scripts/Scripts.csproj]
  /Users/omerozerf/SoftwareProjects/UnityProjects/Fruit-Hook/LunaTemp/Assemblies/stage_2/decompiled/LoopGames/Combat/SwordOrbitController.cs(30,17): warning CS0649: Field 'SwordOrbitController._radius' is never assigned to, and will always have its default value 0 [/Users/omerozerf/6.2.1/pipeline/templates/LunaCompiler/Scripts/Scripts.csproj]
  /Users/omerozerf/SoftwareProjects/UnityProjects/Fruit-Hook/LunaTemp/Assemblies/stage_2/decompiled/_Game/_Scripts/PlayerAnimator.cs(9,21): warning CS0649: Field 'PlayerAnimator._bodyTransform' is never assigned to, and will always have its default value null [/Users/omerozerf/6.2.1/pipeline/templates/LunaCompiler/Scripts/Scripts.csproj]
  /Users/omerozerf/SoftwareProjects/UnityProjects/Fruit-Hook/LunaTemp/Assemblies/stage_2/decompiled/_Game/_Scripts/PlayerMovement.cs(11,17): warning CS0649: Field 'PlayerMovement._moveSpeed' is never assigned to, and will always have its default value 0 [/Users/omerozerf/6.2.1/pipeline/templates/LunaCompiler/Scripts/Scripts.csproj]

  /Users/omerozerf/SoftwareProjects/UnityProjects/Fruit-Hook/LunaTemp/Assemblies/stage_2/decompiled/_Game/_Scripts/PlayerMovement.cs(8,28): warning CS0649: Field 'PlayerMovement._floatingJoystick' is never assigned to, and will always have its default value null [/Users/omerozerf/6.2.1/pipeline/templates/LunaCompiler/Scripts/Scripts.csproj]
  /Users/omerozerf/SoftwareProjects/UnityProjects/Fruit-Hook/LunaTemp/Assemblies/stage_2/decompiled/_Game/_Scripts/PlayerAnimator.cs(30,21): warning CS0649: Field 'PlayerAnimator._rightFootTransform' is never assigned to, and will always have its default value null [/Users/omerozerf/6.2.1/pipeline/templates/LunaCompiler/Scripts/Scripts.csproj]
  /Users/omerozerf/SoftwareProjects/UnityProjects/Fruit-Hook/LunaTemp/Assemblies/stage_2/decompiled/_Game/_Scripts/PlayerMovement.cs(17,21): warning CS0649: Field 'PlayerMovement._visualsTransform' is never assigned to, and will always have its default value null [/Users/omerozerf/6.2.1/pipeline/templates/LunaCompiler/Scripts/Scripts.csproj]

  /Users/omerozerf/SoftwareProjects/UnityProjects/Fruit-Hook/LunaTemp/Assemblies/stage_2/decompiled/_Game/TileCreator.cs(8,16): warning CS0649: Field 'TileCreator._tilePrefab' is never assigned to, and will always have its default value null [/Users/omerozerf/6.2.1/pipeline/templates/LunaCompiler/Scripts/Scripts.csproj]
  /Users/omerozerf/SoftwareProjects/UnityProjects/Fruit-Hook/LunaTemp/Assemblies/stage_2/decompiled/_Game/_Scripts/PlayerAnimator.cs(27,21): warning CS0649: Field 'PlayerAnimator._leftFootTransform' is never assigned to, and will always have its default value null [/Users/omerozerf/6.2.1/pipeline/templates/LunaCompiler/Scripts/Scripts.csproj]



    20 Warning(s)

    0 Error(s)



Time Elapsed 00:00:17.41

Source code compiled successfully!
PHC: LP error code not found in JSON: 3015, JSON file might be outdated. Error message: Sequence contains no matching element

Diagnostics gathered successfully
report@code:build 20950.12
report@diagnostics:verify 2.73
report@diagnostics:upload 1722.34
report@code:stage 5997.31
[ Stage3 ] Code compiled and bundled successfully.
report@code:bundle 32255.67
report@package:stage 1592.18
[ Stage4 ] Target platform: develop
[ Stage4 ] Package bundled successfully
report@assets:stats 0.20
